2023-02-02 12:06:16,124 ERROR o.s.j.x.p.SBMLCoreParser [main] Property substanceUnits is not defined in model for Level 2 and Version 2.
2023-02-02 12:06:16,125 INFO o.s.j.x.p.SBMLCoreParser [main] Attribute = substanceUnits, value 'mole' , element name = model
2023-02-02 12:06:16,126 WARN o.s.j.x.p.SBMLCoreParser [main] Could not recognize the attribute 'substanceUnits' on the element model. Please check the specification for SBML.
2023-02-02 12:06:16,127 ERROR o.s.j.x.p.SBMLCoreParser [main] Property volumeUnits is not defined in model for Level 2 and Version 2.
2023-02-02 12:06:16,128 INFO o.s.j.x.p.SBMLCoreParser [main] Attribute = volumeUnits, value 'litre' , element name = model
2023-02-02 12:06:16,128 WARN o.s.j.x.p.SBMLCoreParser [main] Could not recognize the attribute 'volumeUnits' on the element model. Please check the specification for SBML.
2023-02-02 12:06:16,129 WARN o.s.j.x.p.XMLNodeReader [main] The type of String '' on the element 'annotation' is unknown! Some data might be lost
2023-02-02 12:06:16,171 WARN o.s.j.x.p.XMLNodeReader [main] The type of String '' on the element 'annotation' is unknown! Some data might be lost
2023-02-02 12:06:16,172 WARN o.s.j.x.p.XMLNodeReader [main] The type of String '' on the element 'annotation' is unknown! Some data might be lost
2023-02-02 12:06:16,173 WARN o.s.j.x.p.XMLNodeReader [main] The type of String '' on the element 'annotation' is unknown! Some data might be lost
2023-02-02 12:06:16,175 WARN o.s.j.x.p.XMLNodeReader [main] The type of String '' on the element 'annotation' is unknown! Some data might be lost
2023-02-02 12:06:16,176 WARN o.s.j.x.p.XMLNodeReader [main] The type of String '' on the element 'annotation' is unknown! Some data might be lost
2023-02-02 12:06:16,177 WARN o.s.j.x.p.XMLNodeReader [main] The type of String '' on the element 'annotation' is unknown! Some data might be lost
2023-02-02 12:06:16,178 WARN o.s.j.x.p.XMLNodeReader [main] The type of String '' on the element 'annotation' is unknown! Some data might be lost
2023-02-02 12:06:16,221 WARN o.s.j.x.p.XMLNodeReader [main] The type of String '' on the element 'annotation' is unknown! Some data might be lost
2023-02-02 12:06:16,222 WARN o.s.j.x.p.XMLNodeReader [main] The type of String '' on the element 'annotation' is unknown! Some data might be lost
2023-02-02 12:06:16,228 ERROR o.s.j.x.p.SBMLCoreParser [main] Property compartment is not defined in reaction for Level 2 and Version 2.
2023-02-02 12:06:16,229 INFO o.s.j.x.p.SBMLCoreParser [main] Attribute = compartment, value 'Cell' , element name = reaction
2023-02-02 12:06:16,229 WARN o.s.j.x.p.SBMLCoreParser [main] Could not recognize the attribute 'compartment' on the element reaction. Please check the specification for SBML.
2023-02-02 12:06:16,230 ERROR o.s.j.x.p.SBMLCoreParser [main] Property constant is not defined in speciesReference for Level 2 and Version 2.
2023-02-02 12:06:16,230 INFO o.s.j.x.p.SBMLCoreParser [main] Attribute = constant, value 'true' , element name = speciesReference
2023-02-02 12:06:16,231 WARN o.s.j.x.p.SBMLCoreParser [main] Could not recognize the attribute 'constant' on the element speciesReference. Please check the specification for SBML.
2023-02-02 12:06:16,235 WARN o.s.j.x.p.SBMLCoreParser [main] The element 'listOfLocalParameters' is not recognized.
2023-02-02 12:06:16,236 ERROR o.s.j.x.p.SBMLCoreParser [main] Property compartment is not defined in reaction for Level 2 and Version 2.
2023-02-02 12:06:16,236 INFO o.s.j.x.p.SBMLCoreParser [main] Attribute = compartment, value 'Cell' , element name = reaction
2023-02-02 12:06:16,236 WARN o.s.j.x.p.SBMLCoreParser [main] Could not recognize the attribute 'compartment' on the element reaction. Please check the specification for SBML.
2023-02-02 12:06:16,237 ERROR o.s.j.x.p.SBMLCoreParser [main] Property constant is not defined in speciesReference for Level 2 and Version 2.
2023-02-02 12:06:16,237 INFO o.s.j.x.p.SBMLCoreParser [main] Attribute = constant, value 'true' , element name = speciesReference
2023-02-02 12:06:16,237 WARN o.s.j.x.p.SBMLCoreParser [main] Could not recognize the attribute 'constant' on the element speciesReference. Please check the specification for SBML.
2023-02-02 12:06:16,238 WARN o.s.j.x.p.SBMLCoreParser [main] The element 'listOfLocalParameters' is not recognized.
2023-02-02 12:06:16,239 ERROR o.s.j.x.p.SBMLCoreParser [main] Property compartment is not defined in reaction for Level 2 and Version 2.
2023-02-02 12:06:16,239 INFO o.s.j.x.p.SBMLCoreParser [main] Attribute = compartment, value 'Cell' , element name = reaction
2023-02-02 12:06:16,240 WARN o.s.j.x.p.SBMLCoreParser [main] Could not recognize the attribute 'compartment' on the element reaction. Please check the specification for SBML.
2023-02-02 12:06:16,240 ERROR o.s.j.x.p.SBMLCoreParser [main] Property constant is not defined in speciesReference for Level 2 and Version 2.
2023-02-02 12:06:16,241 INFO o.s.j.x.p.SBMLCoreParser [main] Attribute = constant, value 'true' , element name = speciesReference
2023-02-02 12:06:16,241 WARN o.s.j.x.p.SBMLCoreParser [main] Could not recognize the attribute 'constant' on the element speciesReference. Please check the specification for SBML.
2023-02-02 12:06:16,241 WARN o.s.j.x.p.SBMLCoreParser [main] The element 'listOfLocalParameters' is not recognized.
2023-02-02 12:06:16,242 ERROR o.s.j.x.p.SBMLCoreParser [main] Property compartment is not defined in reaction for Level 2 and Version 2.
2023-02-02 12:06:16,242 INFO o.s.j.x.p.SBMLCoreParser [main] Attribute = compartment, value 'Cell' , element name = reaction
2023-02-02 12:06:16,242 WARN o.s.j.x.p.SBMLCoreParser [main] Could not recognize the attribute 'compartment' on the element reaction. Please check the specification for SBML.
2023-02-02 12:06:16,243 ERROR o.s.j.x.p.SBMLCoreParser [main] Property constant is not defined in speciesReference for Level 2 and Version 2.
2023-02-02 12:06:16,243 INFO o.s.j.x.p.SBMLCoreParser [main] Attribute = constant, value 'true' , element name = speciesReference
2023-02-02 12:06:16,243 WARN o.s.j.x.p.SBMLCoreParser [main] Could not recognize the attribute 'constant' on the element speciesReference. Please check the specification for SBML.
2023-02-02 12:06:16,244 WARN o.s.j.x.p.SBMLCoreParser [main] The element 'listOfLocalParameters' is not recognized.
2023-02-02 12:06:16,244 ERROR o.s.j.x.p.SBMLCoreParser [main] Property compartment is not defined in reaction for Level 2 and Version 2.
2023-02-02 12:06:16,244 INFO o.s.j.x.p.SBMLCoreParser [main] Attribute = compartment, value 'Cell' , element name = reaction
2023-02-02 12:06:16,244 WARN o.s.j.x.p.SBMLCoreParser [main] Could not recognize the attribute 'compartment' on the element reaction. Please check the specification for SBML.
2023-02-02 12:06:16,245 ERROR o.s.j.x.p.SBMLCoreParser [main] Property constant is not defined in speciesReference for Level 2 and Version 2.
2023-02-02 12:06:16,245 INFO o.s.j.x.p.SBMLCoreParser [main] Attribute = constant, value 'true' , element name = speciesReference
2023-02-02 12:06:16,245 WARN o.s.j.x.p.SBMLCoreParser [main] Could not recognize the attribute 'constant' on the element speciesReference. Please check the specification for SBML.
2023-02-02 12:06:16,246 WARN o.s.j.x.p.SBMLCoreParser [main] The element 'listOfLocalParameters' is not recognized.
2023-02-02 12:06:16,246 ERROR o.s.j.x.p.SBMLCoreParser [main] Property compartment is not defined in reaction for Level 2 and Version 2.
2023-02-02 12:06:16,246 INFO o.s.j.x.p.SBMLCoreParser [main] Attribute = compartment, value 'Cell' , element name = reaction
2023-02-02 12:06:16,246 WARN o.s.j.x.p.SBMLCoreParser [main] Could not recognize the attribute 'compartment' on the element reaction. Please check the specification for SBML.
2023-02-02 12:06:16,247 ERROR o.s.j.x.p.SBMLCoreParser [main] Property constant is not defined in speciesReference for Level 2 and Version 2.
2023-02-02 12:06:16,247 INFO o.s.j.x.p.SBMLCoreParser [main] Attribute = constant, value 'true' , element name = speciesReference
2023-02-02 12:06:16,247 WARN o.s.j.x.p.SBMLCoreParser [main] Could not recognize the attribute 'constant' on the element speciesReference. Please check the specification for SBML.
2023-02-02 12:06:16,249 WARN o.s.j.x.p.SBMLCoreParser [main] The element 'listOfLocalParameters' is not recognized.
2023-02-02 12:06:16,250 ERROR o.s.j.x.p.SBMLCoreParser [main] Property compartment is not defined in reaction for Level 2 and Version 2.
2023-02-02 12:06:16,250 INFO o.s.j.x.p.SBMLCoreParser [main] Attribute = compartment, value 'Cell' , element name = reaction
2023-02-02 12:06:16,250 WARN o.s.j.x.p.SBMLCoreParser [main] Could not recognize the attribute 'compartment' on the element reaction. Please check the specification for SBML.
2023-02-02 12:06:16,251 ERROR o.s.j.x.p.SBMLCoreParser [main] Property constant is not defined in speciesReference for Level 2 and Version 2.
2023-02-02 12:06:16,251 INFO o.s.j.x.p.SBMLCoreParser [main] Attribute = constant, value 'true' , element name = speciesReference
2023-02-02 12:06:16,251 WARN o.s.j.x.p.SBMLCoreParser [main] Could not recognize the attribute 'constant' on the element speciesReference. Please check the specification for SBML.
2023-02-02 12:06:16,252 ERROR o.s.j.x.p.SBMLCoreParser [main] Property constant is not defined in speciesReference for Level 2 and Version 2.
2023-02-02 12:06:16,252 INFO o.s.j.x.p.SBMLCoreParser [main] Attribute = constant, value 'true' , element name = speciesReference
2023-02-02 12:06:16,252 WARN o.s.j.x.p.SBMLCoreParser [main] Could not recognize the attribute 'constant' on the element speciesReference. Please check the specification for SBML.
2023-02-02 12:06:16,254 WARN o.s.j.x.p.SBMLCoreParser [main] The element 'listOfLocalParameters' is not recognized.
2023-02-02 12:06:16,255 ERROR o.s.j.x.p.SBMLCoreParser [main] Property compartment is not defined in reaction for Level 2 and Version 2.
2023-02-02 12:06:16,255 INFO o.s.j.x.p.SBMLCoreParser [main] Attribute = compartment, value 'Cell' , element name = reaction
2023-02-02 12:06:16,255 WARN o.s.j.x.p.SBMLCoreParser [main] Could not recognize the attribute 'compartment' on the element reaction. Please check the specification for SBML.
2023-02-02 12:06:16,255 ERROR o.s.j.x.p.SBMLCoreParser [main] Property constant is not defined in speciesReference for Level 2 and Version 2.
2023-02-02 12:06:16,256 INFO o.s.j.x.p.SBMLCoreParser [main] Attribute = constant, value 'true' , element name = speciesReference
2023-02-02 12:06:16,256 WARN o.s.j.x.p.SBMLCoreParser [main] Could not recognize the attribute 'constant' on the element speciesReference. Please check the specification for SBML.
2023-02-02 12:06:16,256 ERROR o.s.j.x.p.SBMLCoreParser [main] Property constant is not defined in speciesReference for Level 2 and Version 2.
2023-02-02 12:06:16,256 INFO o.s.j.x.p.SBMLCoreParser [main] Attribute = constant, value 'true' , element name = speciesReference
2023-02-02 12:06:16,256 WARN o.s.j.x.p.SBMLCoreParser [main] Could not recognize the attribute 'constant' on the element speciesReference. Please check the specification for SBML.
2023-02-02 12:06:16,257 ERROR o.s.j.x.p.SBMLCoreParser [main] Property constant is not defined in speciesReference for Level 2 and Version 2.
2023-02-02 12:06:16,257 INFO o.s.j.x.p.SBMLCoreParser [main] Attribute = constant, value 'true' , element name = speciesReference
2023-02-02 12:06:16,257 WARN o.s.j.x.p.SBMLCoreParser [main] Could not recognize the attribute 'constant' on the element speciesReference. Please check the specification for SBML.
2023-02-02 12:06:16,258 WARN o.s.j.x.p.SBMLCoreParser [main] The element 'listOfLocalParameters' is not recognized.
2023-02-02 12:06:16,259 ERROR o.s.j.x.p.SBMLCoreParser [main] Property compartment is not defined in reaction for Level 2 and Version 2.
2023-02-02 12:06:16,259 INFO o.s.j.x.p.SBMLCoreParser [main] Attribute = compartment, value 'Cell' , element name = reaction
2023-02-02 12:06:16,259 WARN o.s.j.x.p.SBMLCoreParser [main] Could not recognize the attribute 'compartment' on the element reaction. Please check the specification for SBML.
2023-02-02 12:06:16,259 ERROR o.s.j.x.p.SBMLCoreParser [main] Property constant is not defined in speciesReference for Level 2 and Version 2.
2023-02-02 12:06:16,259 INFO o.s.j.x.p.SBMLCoreParser [main] Attribute = constant, value 'true' , element name = speciesReference
2023-02-02 12:06:16,260 WARN o.s.j.x.p.SBMLCoreParser [main] Could not recognize the attribute 'constant' on the element speciesReference. Please check the specification for SBML.
2023-02-02 12:06:16,260 ERROR o.s.j.x.p.SBMLCoreParser [main] Property constant is not defined in speciesReference for Level 2 and Version 2.
2023-02-02 12:06:16,260 INFO o.s.j.x.p.SBMLCoreParser [main] Attribute = constant, value 'true' , element name = speciesReference
2023-02-02 12:06:16,260 WARN o.s.j.x.p.SBMLCoreParser [main] Could not recognize the attribute 'constant' on the element speciesReference. Please check the specification for SBML.
2023-02-02 12:06:16,261 ERROR o.s.j.x.p.SBMLCoreParser [main] Property constant is not defined in speciesReference for Level 2 and Version 2.
2023-02-02 12:06:16,261 INFO o.s.j.x.p.SBMLCoreParser [main] Attribute = constant, value 'true' , element name = speciesReference
2023-02-02 12:06:16,261 WARN o.s.j.x.p.SBMLCoreParser [main] Could not recognize the attribute 'constant' on the element speciesReference. Please check the specification for SBML.
2023-02-02 12:06:16,262 WARN o.s.j.x.p.SBMLCoreParser [main] The element 'listOfLocalParameters' is not recognized.
2023-02-02 12:06:16,263 ERROR o.s.j.x.p.SBMLCoreParser [main] Property useValuesFromTriggerTime is not defined in event for Level 2 and Version 2.
2023-02-02 12:06:16,263 INFO o.s.j.x.p.SBMLCoreParser [main] Attribute = useValuesFromTriggerTime, value 'false' , element name = event
2023-02-02 12:06:16,263 WARN o.s.j.x.p.SBMLCoreParser [main] Could not recognize the attribute 'useValuesFromTriggerTime' on the element event. Please check the specification for SBML.
2023-02-02 12:06:16,264 ERROR o.s.j.x.p.SBMLCoreParser [main] Property initialValue is not defined in trigger for Level 2 and Version 2.
2023-02-02 12:06:16,264 INFO o.s.j.x.p.SBMLCoreParser [main] Attribute = initialValue, value 'false' , element name = trigger
2023-02-02 12:06:16,264 WARN o.s.j.x.p.SBMLCoreParser [main] Could not recognize the attribute 'initialValue' on the element trigger. Please check the specification for SBML.
2023-02-02 12:06:16,265 ERROR o.s.j.x.p.SBMLCoreParser [main] Property persistent is not defined in trigger for Level 2 and Version 2.
2023-02-02 12:06:16,265 INFO o.s.j.x.p.SBMLCoreParser [main] Attribute = persistent, value 'false' , element name = trigger
2023-02-02 12:06:16,265 WARN o.s.j.x.p.SBMLCoreParser [main] Could not recognize the attribute 'persistent' on the element trigger. Please check the specification for SBML.
2023-02-02 12:06:16,266 ERROR o.s.j.x.p.SBMLCoreParser [main] Property useValuesFromTriggerTime is not defined in event for Level 2 and Version 2.
2023-02-02 12:06:16,266 INFO o.s.j.x.p.SBMLCoreParser [main] Attribute = useValuesFromTriggerTime, value 'false' , element name = event
2023-02-02 12:06:16,266 WARN o.s.j.x.p.SBMLCoreParser [main] Could not recognize the attribute 'useValuesFromTriggerTime' on the element event. Please check the specification for SBML.
2023-02-02 12:06:16,267 ERROR o.s.j.x.p.SBMLCoreParser [main] Property initialValue is not defined in trigger for Level 2 and Version 2.
2023-02-02 12:06:16,267 INFO o.s.j.x.p.SBMLCoreParser [main] Attribute = initialValue, value 'false' , element name = trigger
2023-02-02 12:06:16,267 WARN o.s.j.x.p.SBMLCoreParser [main] Could not recognize the attribute 'initialValue' on the element trigger. Please check the specification for SBML.
2023-02-02 12:06:16,267 ERROR o.s.j.x.p.SBMLCoreParser [main] Property persistent is not defined in trigger for Level 2 and Version 2.
2023-02-02 12:06:16,267 INFO o.s.j.x.p.SBMLCoreParser [main] Attribute = persistent, value 'false' , element name = trigger
2023-02-02 12:06:16,267 WARN o.s.j.x.p.SBMLCoreParser [main] Could not recognize the attribute 'persistent' on the element trigger. Please check the specification for SBML.
2023-02-02 12:06:16,268 ERROR o.s.j.x.p.SBMLCoreParser [main] Property useValuesFromTriggerTime is not defined in event for Level 2 and Version 2.
2023-02-02 12:06:16,268 INFO o.s.j.x.p.SBMLCoreParser [main] Attribute = useValuesFromTriggerTime, value 'false' , element name = event
2023-02-02 12:06:16,268 WARN o.s.j.x.p.SBMLCoreParser [main] Could not recognize the attribute 'useValuesFromTriggerTime' on the element event. Please check the specification for SBML.
2023-02-02 12:06:16,269 ERROR o.s.j.x.p.SBMLCoreParser [main] Property initialValue is not defined in trigger for Level 2 and Version 2.
2023-02-02 12:06:16,269 INFO o.s.j.x.p.SBMLCoreParser [main] Attribute = initialValue, value 'false' , element name = trigger
2023-02-02 12:06:16,269 WARN o.s.j.x.p.SBMLCoreParser [main] Could not recognize the attribute 'initialValue' on the element trigger. Please check the specification for SBML.
2023-02-02 12:06:16,269 ERROR o.s.j.x.p.SBMLCoreParser [main] Property persistent is not defined in trigger for Level 2 and Version 2.
2023-02-02 12:06:16,269 INFO o.s.j.x.p.SBMLCoreParser [main] Attribute = persistent, value 'false' , element name = trigger
2023-02-02 12:06:16,269 WARN o.s.j.x.p.SBMLCoreParser [main] Could not recognize the attribute 'persistent' on the element trigger. Please check the specification for SBML.
2023-02-02 12:06:16,270 ERROR o.s.j.x.p.SBMLCoreParser [main] Property useValuesFromTriggerTime is not defined in event for Level 2 and Version 2.
2023-02-02 12:06:16,270 INFO o.s.j.x.p.SBMLCoreParser [main] Attribute = useValuesFromTriggerTime, value 'false' , element name = event
2023-02-02 12:06:16,270 WARN o.s.j.x.p.SBMLCoreParser [main] Could not recognize the attribute 'useValuesFromTriggerTime' on the element event. Please check the specification for SBML.
2023-02-02 12:06:16,271 ERROR o.s.j.x.p.SBMLCoreParser [main] Property initialValue is not defined in trigger for Level 2 and Version 2.
2023-02-02 12:06:16,271 INFO o.s.j.x.p.SBMLCoreParser [main] Attribute = initialValue, value 'false' , element name = trigger
2023-02-02 12:06:16,271 WARN o.s.j.x.p.SBMLCoreParser [main] Could not recognize the attribute 'initialValue' on the element trigger. Please check the specification for SBML.
2023-02-02 12:06:16,271 ERROR o.s.j.x.p.SBMLCoreParser [main] Property persistent is not defined in trigger for Level 2 and Version 2.
2023-02-02 12:06:16,271 INFO o.s.j.x.p.SBMLCoreParser [main] Attribute = persistent, value 'false' , element name = trigger
2023-02-02 12:06:16,271 WARN o.s.j.x.p.SBMLCoreParser [main] Could not recognize the attribute 'persistent' on the element trigger. Please check the specification for SBML.
